e:\projects\vs2015\plugin final v0.3\mfclibrary1\mfclibrary1\release\mfclibraryv0.2.pch
e:\projects\vs2015\plugin final v0.3\mfclibrary1\mfclibrary1\release\vc140.pdb
e:\projects\vs2015\plugin final v0.3\mfclibrary1\mfclibrary1\release\stdafx.obj
e:\projects\vs2015\plugin final v0.3\mfclibrary1\mfclibrary1\release\timercls.obj
e:\projects\vs2015\plugin final v0.3\mfclibrary1\mfclibrary1\release\sumepochclass.obj
e:\projects\vs2015\plugin final v0.3\mfclibrary1\mfclibrary1\release\pluginsettingdlg.obj
e:\projects\vs2015\plugin final v0.3\mfclibrary1\mfclibrary1\release\picfoncontrl.obj
e:\projects\vs2015\plugin final v0.3\mfclibrary1\mfclibrary1\release\piccardcontrl2.obj
e:\projects\vs2015\plugin final v0.3\mfclibrary1\mfclibrary1\release\piccardcontrl1.obj
e:\projects\vs2015\plugin final v0.3\mfclibrary1\mfclibrary1\release\mfclibrary1.obj
e:\projects\vs2015\plugin final v0.3\mfclibrary1\mfclibrary1\release\dialogtest.obj
e:\projects\vs2015\plugin final v0.3\mfclibrary1\mfclibrary1\release\asatest.obj
e:\projects\vs2015\plugin final v0.3\mfclibrary1\mfclibrary1\release\asadlg.obj
e:\projects\vs2015\plugin final v0.3\mfclibrary1\release\mfclibraryv0.2.dll
e:\projects\vs2015\plugin final v0.3\mfclibrary1\release\mfclibraryv0.2.ipdb
e:\projects\vs2015\plugin final v0.3\mfclibrary1\release\mfclibraryv0.2.iobj
e:\projects\vs2015\plugin final v0.3\mfclibrary1\release\mfclibraryv0.2.pdb
e:\projects\vs2015\plugin final v0.3\mfclibrary1\release\mfclibraryv0.2.lib
e:\projects\vs2015\plugin final v0.3\mfclibrary1\release\mfclibraryv0.2.exp
e:\projects\vs2015\plugin final v0.3\mfclibrary1\mfclibrary1\release\mfclibrary1.res
e:\projects\vs2015\plugin final v0.3\mfclibrary1\mfclibrary1\release\mfclibraryv0.2.tlog\cl.command.1.tlog
e:\projects\vs2015\plugin final v0.3\mfclibrary1\mfclibrary1\release\mfclibraryv0.2.tlog\cl.read.1.tlog
e:\projects\vs2015\plugin final v0.3\mfclibrary1\mfclibrary1\release\mfclibraryv0.2.tlog\cl.write.1.tlog
e:\projects\vs2015\plugin final v0.3\mfclibrary1\mfclibrary1\release\mfclibraryv0.2.tlog\link.command.1.tlog
e:\projects\vs2015\plugin final v0.3\mfclibrary1\mfclibrary1\release\mfclibraryv0.2.tlog\link.read.1.tlog
e:\projects\vs2015\plugin final v0.3\mfclibrary1\mfclibrary1\release\mfclibraryv0.2.tlog\link.write.1.tlog
e:\projects\vs2015\plugin final v0.3\mfclibrary1\mfclibrary1\release\mfclibraryv0.2.tlog\mfclibraryv0.2.write.1u.tlog
e:\projects\vs2015\plugin final v0.3\mfclibrary1\mfclibrary1\release\mfclibraryv0.2.tlog\rc.command.1.tlog
e:\projects\vs2015\plugin final v0.3\mfclibrary1\mfclibrary1\release\mfclibraryv0.2.tlog\rc.read.1.tlog
e:\projects\vs2015\plugin final v0.3\mfclibrary1\mfclibrary1\release\mfclibraryv0.2.tlog\rc.write.1.tlog
