e:\projects\vs20015win7\mfclibrary1\mfclibrary1\release\mfclibrary1.pch
e:\projects\vs20015win7\mfclibrary1\mfclibrary1\release\vc140.pdb
e:\projects\vs20015win7\mfclibrary1\mfclibrary1\release\stdafx.obj
e:\projects\vs20015win7\mfclibrary1\mfclibrary1\release\pluginobject.obj
e:\projects\vs20015win7\mfclibrary1\mfclibrary1\release\mfclibrary1.obj
e:\projects\vs20015win7\mfclibrary1\release\mfclibrary1.dll
e:\projects\vs20015win7\mfclibrary1\release\mfclibrary1.ipdb
e:\projects\vs20015win7\mfclibrary1\release\mfclibrary1.iobj
e:\projects\vs20015win7\mfclibrary1\release\mfclibrary1.pdb
e:\projects\vs20015win7\mfclibrary1\release\mfclibrary1.lib
e:\projects\vs20015win7\mfclibrary1\release\mfclibrary1.exp
e:\projects\vs20015win7\mfclibrary1\mfclibrary1\release\mfclibrary1.res
e:\projects\vs20015win7\mfclibrary1\mfclibrary1\release\mfclibrary1.tlog\cl.command.1.tlog
e:\projects\vs20015win7\mfclibrary1\mfclibrary1\release\mfclibrary1.tlog\cl.read.1.tlog
e:\projects\vs20015win7\mfclibrary1\mfclibrary1\release\mfclibrary1.tlog\cl.write.1.tlog
e:\projects\vs20015win7\mfclibrary1\mfclibrary1\release\mfclibrary1.tlog\link.command.1.tlog
e:\projects\vs20015win7\mfclibrary1\mfclibrary1\release\mfclibrary1.tlog\link.read.1.tlog
e:\projects\vs20015win7\mfclibrary1\mfclibrary1\release\mfclibrary1.tlog\link.write.1.tlog
e:\projects\vs20015win7\mfclibrary1\mfclibrary1\release\mfclibrary1.tlog\mfclibrary1.write.1u.tlog
e:\projects\vs20015win7\mfclibrary1\mfclibrary1\release\mfclibrary1.tlog\rc.command.1.tlog
e:\projects\vs20015win7\mfclibrary1\mfclibrary1\release\mfclibrary1.tlog\rc.read.1.tlog
e:\projects\vs20015win7\mfclibrary1\mfclibrary1\release\mfclibrary1.tlog\rc.write.1.tlog
