e:\projects\vs2015\plugin final v0.3\mfclibrary1\mfclibrary1\debug\mfclibraryv0.2.pch
e:\projects\vs2015\plugin final v0.3\mfclibrary1\mfclibrary1\debug\vc140.pdb
e:\projects\vs2015\plugin final v0.3\mfclibrary1\mfclibrary1\debug\vc140.idb
e:\projects\vs2015\plugin final v0.3\mfclibrary1\mfclibrary1\debug\stdafx.obj
e:\projects\vs2015\plugin final v0.3\mfclibrary1\mfclibrary1\debug\asadlg.obj
e:\projects\vs2015\plugin final v0.3\mfclibrary1\mfclibrary1\debug\asatest.obj
e:\projects\vs2015\plugin final v0.3\mfclibrary1\mfclibrary1\debug\dialogtest.obj
e:\projects\vs2015\plugin final v0.3\mfclibrary1\mfclibrary1\debug\mfclibrary1.obj
e:\projects\vs2015\plugin final v0.3\mfclibrary1\mfclibrary1\debug\piccardcontrl1.obj
e:\projects\vs2015\plugin final v0.3\mfclibrary1\mfclibrary1\debug\piccardcontrl2.obj
e:\projects\vs2015\plugin final v0.3\mfclibrary1\mfclibrary1\debug\picfoncontrl.obj
e:\projects\vs2015\plugin final v0.3\mfclibrary1\mfclibrary1\debug\pluginsettingdlg.obj
e:\projects\vs2015\plugin final v0.3\mfclibrary1\mfclibrary1\debug\sumepochclass.obj
e:\projects\vs2015\plugin final v0.3\mfclibrary1\mfclibrary1\debug\timercls.obj
e:\projects\vs2015\plugin final v0.3\mfclibrary1\debug\mfclibraryv0.2.ilk
e:\projects\vs2015\plugin final v0.3\mfclibrary1\debug\mfclibraryv0.2.dll
e:\projects\vs2015\plugin final v0.3\mfclibrary1\debug\mfclibraryv0.2.pdb
e:\projects\vs2015\plugin final v0.3\mfclibrary1\debug\mfclibraryv0.2.lib
e:\projects\vs2015\plugin final v0.3\mfclibrary1\debug\mfclibraryv0.2.exp
e:\projects\vs2015\plugin final v0.3\mfclibrary1\mfclibrary1\debug\mfclibrary1.res
e:\projects\vs2015\plugin final v0.3\mfclibrary1\mfclibrary1\debug\mfclibrary1.pch
e:\projects\vs2015\plugin final v0.3\mfclibrary1\mfclibrary1\debug\mfclibraryv0.2.tlog\cl.command.1.tlog
e:\projects\vs2015\plugin final v0.3\mfclibrary1\mfclibrary1\debug\mfclibraryv0.2.tlog\cl.read.1.tlog
e:\projects\vs2015\plugin final v0.3\mfclibrary1\mfclibrary1\debug\mfclibraryv0.2.tlog\cl.write.1.tlog
e:\projects\vs2015\plugin final v0.3\mfclibrary1\mfclibrary1\debug\mfclibraryv0.2.tlog\link.command.1.tlog
e:\projects\vs2015\plugin final v0.3\mfclibrary1\mfclibrary1\debug\mfclibraryv0.2.tlog\link.read.1.tlog
e:\projects\vs2015\plugin final v0.3\mfclibrary1\mfclibrary1\debug\mfclibraryv0.2.tlog\link.write.1.tlog
e:\projects\vs2015\plugin final v0.3\mfclibrary1\mfclibrary1\debug\mfclibraryv0.2.tlog\mfclibraryv0.2.write.1u.tlog
e:\projects\vs2015\plugin final v0.3\mfclibrary1\mfclibrary1\debug\mfclibraryv0.2.tlog\rc.command.1.tlog
e:\projects\vs2015\plugin final v0.3\mfclibrary1\mfclibrary1\debug\mfclibraryv0.2.tlog\rc.read.1.tlog
e:\projects\vs2015\plugin final v0.3\mfclibrary1\mfclibrary1\debug\mfclibraryv0.2.tlog\rc.write.1.tlog
